<?xml version="1.0" encoding="UTF-8"?>
<testng-results ignored="0" total="1" passed="1" failed="0" skipped="0">
  <reporter-output>
  </reporter-output>
  <suite started-at="2021-07-31T00:18:07 IST" name="Default suite" finished-at="2021-07-31T00:18:10 IST" duration-ms="3252">
    <groups>
    </groups>
    <test started-at="2021-07-31T00:18:07 IST" name="Default test" finished-at="2021-07-31T00:18:10 IST" duration-ms="3252">
      <class name="Webb.Button">
        <test-method signature="script1()[pri:0, instance:Webb.Button@87a85e1]" started-at="2021-07-31T00:18:07 IST" name="script1" finished-at="2021-07-31T00:18:10 IST" duration-ms="3205" status="PASS">
          <reporter-output>
          </reporter-output>
        </test-method> <!-- script1 -->
      </class> <!-- Webb.Button -->
    </test> <!-- Default test -->
  </suite> <!-- Default suite -->
</testng-results>
